<?xml version="1.0" encoding="UTF-8"?>
<!-- Generated by org.testng.reporters.JUnitReportReporter -->
<testsuite hostname="Abdulraheem" failures="0" tests="4" name="dataBaseTesting.myTestcases" time="2.813" errors="0" timestamp="2024-06-24T19:28:45 EET" skipped="0">
  <testcase classname="dataBaseTesting.myTestcases" name="addData" time="0.029"/>
  <system-out/>
  <testcase classname="dataBaseTesting.myTestcases" name="updateData" time="0.009"/>
  <system-out/>
  <testcase classname="dataBaseTesting.myTestcases" name="getData" time="2.771"/>
  <system-out/>
  <testcase classname="dataBaseTesting.myTestcases" name="DeleteData" time="0.004"/>
  <system-out/>
</testsuite> <!-- dataBaseTesting.myTestcases -->
